<?xml version="1.0" encoding="UTF-8"?>
<!-- Generated by org.testng.reporters.JUnitReportReporter -->
<testsuite hostname="WKWZThnoxd9M5Tm" failures="0" tests="5" name="day5.remoteDriver" time="7.464" errors="0" timestamp="2022-11-24T12:00:57 IST" skipped="0">
  <testcase classname="day5.remoteDriver" name="test1" time="2.563"/>
  <system-out/>
  <testcase classname="day5.remoteDriver" name="test1" time="1.095"/>
  <system-out/>
  <testcase classname="day5.remoteDriver" name="test1" time="0.932"/>
  <system-out/>
  <testcase classname="day5.remoteDriver" name="test1" time="1.490"/>
  <system-out/>
  <testcase classname="day5.remoteDriver" name="test1" time="1.384"/>
  <system-out/>
</testsuite> <!-- day5.remoteDriver -->
