<?xml version="1.0" encoding="UTF-8"?>
<!-- Generated by org.testng.reporters.JUnitReportReporter -->
<testsuite hostname="WKWZThnoxd9M5Tm" failures="0" tests="4" name="Allfiles.testcases" time="0.066" errors="0" timestamp="2022-11-23T23:33:21 IST" skipped="0">
  <testcase classname="Allfiles.testcases" name="verifyForgotPasswordLink" time="0.004"/>
  <system-out/>
  <testcase classname="Allfiles.testcases" name="verifyUrl" time="0.015"/>
  <system-out/>
  <testcase classname="Allfiles.testcases" name="verifyTitle" time="0.013"/>
  <system-out/>
  <testcase classname="Allfiles.testcases" name="verifySocilaMediaCount" time="0.034"/>
  <system-out/>
</testsuite> <!-- Allfiles.testcases -->
