<?xml version="1.0" encoding="UTF-8"?>
<!-- Generated by org.testng.reporters.JUnitReportReporter -->
<testsuite hostname="WKWZThnoxd9M5Tm" failures="0" tests="2" name="Allfiles.AssertDemo" time="0.002" errors="0" timestamp="2022-11-23T23:33:21 IST" skipped="0">
  <testcase classname="Allfiles.AssertDemo" name="test" time="0.001"/>
  <system-out/>
  <testcase classname="Allfiles.AssertDemo" name="test2" time="0.001"/>
  <system-out>
    <![CDATA[test 2 failed]]>
  </system-out>
</testsuite> <!-- Allfiles.AssertDemo -->
