<?xml version="1.0" encoding="UTF-8"?>
<!-- Generated by org.testng.reporters.JUnitReportReporter -->
<testsuite hostname="WKWZThnoxd9M5Tm" failures="0" tests="4" name="day4.DdtExample" time="4.838" errors="0" timestamp="2022-11-23T16:19:03 IST" skipped="0">
  <testcase classname="day4.DdtExample" name="test1" time="0.959"/>
  <system-out/>
  <testcase classname="day4.DdtExample" name="test1" time="0.962"/>
  <system-out/>
  <testcase classname="day4.DdtExample" name="test1" time="1.017"/>
  <system-out/>
  <testcase classname="day4.DdtExample" name="test1" time="1.900"/>
  <system-out/>
</testsuite> <!-- day4.DdtExample -->
