<?xml version="1.0" encoding="UTF-8"?>
<!-- Generated by org.testng.reporters.JUnitReportReporter -->
<testsuite hostname="WKWZThnoxd9M5Tm" failures="0" tests="1" name="Allfiles.DragDropExample" time="9.417" errors="0" timestamp="2022-11-23T23:33:21 IST" skipped="0">
  <testcase classname="Allfiles.DragDropExample" name="tool" time="9.417"/>
  <system-out/>
</testsuite> <!-- Allfiles.DragDropExample -->
