<?xml version="1.0" encoding="UTF-8"?>
<!-- Generated by org.testng.reporters.JUnitReportReporter -->
<testsuite hostname="WKWZThnoxd9M5Tm" failures="0" tests="1" name="Allfiles.HandleMultipleWindow2" time="25.656" errors="0" timestamp="2022-11-23T23:33:21 IST" skipped="0">
  <testcase classname="Allfiles.HandleMultipleWindow2" name="tool" time="25.656"/>
  <system-out/>
</testsuite> <!-- Allfiles.HandleMultipleWindow2 -->
