<?xml version="1.0" encoding="UTF-8"?>
<!-- Generated by org.testng.reporters.JUnitReportReporter -->
<testsuite hostname="WKWZThnoxd9M5Tm" failures="0" tests="4" name="Allfiles.DdtExample" time="6.651" errors="0" timestamp="2022-11-23T23:33:21 IST" skipped="0">
  <testcase classname="Allfiles.DdtExample" name="test1" time="1.109"/>
  <system-out/>
  <testcase classname="Allfiles.DdtExample" name="test1" time="2.226"/>
  <system-out/>
  <testcase classname="Allfiles.DdtExample" name="test1" time="2.104"/>
  <system-out/>
  <testcase classname="Allfiles.DdtExample" name="test1" time="1.212"/>
  <system-out/>
</testsuite> <!-- Allfiles.DdtExample -->
