<?xml version="1.0" encoding="UTF-8"?>
<!-- Generated by org.testng.reporters.JUnitReportReporter -->
<testsuite hostname="WKWZThnoxd9M5Tm" failures="0" tests="7" name="Allfiles.LoginTest" time="68.686" errors="0" timestamp="2022-11-23T23:33:21 IST" skipped="0">
  <testcase classname="Allfiles.LoginTest" name="verifyNoPassword" time="7.597"/>
  <system-out/>
  <testcase classname="Allfiles.LoginTest" name="validUsernameInvalidPassword" time="9.854"/>
  <system-out/>
  <testcase classname="Allfiles.LoginTest" name="invalidCredential" time="10.929"/>
  <system-out/>
  <testcase classname="Allfiles.LoginTest" name="NoCredintial" time="7.671"/>
  <system-out/>
  <testcase classname="Allfiles.LoginTest" name="validPasswordInvalidUsername" time="9.816"/>
  <system-out/>
  <testcase classname="Allfiles.LoginTest" name="validCredential" time="14.827"/>
  <system-out/>
  <testcase classname="Allfiles.LoginTest" name="verifyNoUsername" time="7.992"/>
  <system-out/>
</testsuite> <!-- Allfiles.LoginTest -->
