<?xml version="1.0" encoding="UTF-8"?>
<!-- Generated by org.testng.reporters.JUnitReportReporter -->
<testsuite hostname="WKWZThnoxd9M5Tm" failures="0" tests="1" name="day4.ReadingExcel" time="0.055" errors="0" timestamp="2022-11-23T15:29:46 IST" skipped="0">
  <testcase classname="day4.ReadingExcel" name="getTestData" time="0.055"/>
  <system-out/>
</testsuite> <!-- day4.ReadingExcel -->
