<?xml version="1.0" encoding="UTF-8"?>
<!-- Generated by org.testng.reporters.JUnitReportReporter -->
<testsuite hostname="WKWZThnoxd9M5Tm" failures="0" tests="7" name="day3.MyFirstTestNg" time="0.002" errors="0" timestamp="2022-11-23T16:16:26 IST" skipped="0">
  <testcase classname="day3.MyFirstTestNg" name="test2" time="0.000"/>
  <system-out/>
  <testcase classname="day3.MyFirstTestNg" name="logout" time="0.001"/>
  <system-out/>
  <testcase classname="day3.MyFirstTestNg" name="test1" time="0.000"/>
  <system-out/>
  <testcase classname="day3.MyFirstTestNg" name="test3" time="0.001"/>
  <system-out/>
  <testcase classname="day3.MyFirstTestNg" name="createAccount" time="0.000"/>
  <system-out/>
  <testcase classname="day3.MyFirstTestNg" name="login" time="0.000"/>
  <system-out/>
  <testcase classname="day3.MyFirstTestNg" name="deletedAccount" time="0.000"/>
  <system-out/>
</testsuite> <!-- day3.MyFirstTestNg -->
