<?xml version="1.0" encoding="UTF-8"?>
<!-- Generated by org.testng.reporters.JUnitReportReporter -->
<testsuite hostname="WKWZThnoxd9M5Tm" failures="0" tests="4" name="day4.DdtExample" time="5.010" errors="0" timestamp="2022-11-23T16:17:48 IST" skipped="0">
  <testcase classname="day4.DdtExample" name="test1" time="1.041"/>
  <system-out/>
  <testcase classname="day4.DdtExample" name="test1" time="1.977"/>
  <system-out/>
  <testcase classname="day4.DdtExample" name="test1" time="0.974"/>
  <system-out/>
  <testcase classname="day4.DdtExample" name="test1" time="1.018"/>
  <system-out/>
</testsuite> <!-- day4.DdtExample -->
